# JRE version: OpenJDK Runtime Environment (8.0_152-b01) (build 1.8.0_152-release-1343-b01)
# Java VM: OpenJDK 64-Bit Server VM (25.152-b01 mixed mode windows-amd64 compressed oops)
Heap:
 PSYoungGen      total 257536K, used 46067K [0x00000000e0000000, 0x00000000f3600000, 0x0000000100000000)
  eden space 222720K, 12% used [0x00000000e0000000,0x00000000e1c21278,0x00000000ed980000)
  from space 34816K, 49% used [0x00000000ed980000,0x00000000eea5ba68,0x00000000efb80000)
  to   space 33792K, 0% used [0x00000000f1500000,0x00000000f1500000,0x00000000f3600000)
 ParOldGen       total 165888K, used 76064K [0x00000000a0000000, 0x00000000aa200000, 0x00000000e0000000)
  object space 165888K, 45% used [0x00000000a0000000,0x00000000a4a48108,0x00000000aa200000)
 Metaspace       used 74802K, capacity 77918K, committed 78168K, reserved 1116160K
  class space    used 9903K, capacity 10525K, committed 10584K, reserved 1048576K
GC Heap History (10 events):
Event: 34.004 GC heap before
{Heap before GC invocations=17 (full 3):
 PSYoungGen      total 181248K, used 180920K [0x00000000e0000000, 0x00000000ee180000, 0x0000000100000000)
  eden space 164864K, 100% used [0x00000000e0000000,0x00000000ea100000,0x00000000ea100000)
  from space 16384K, 97% used [0x00000000ea100000,0x00000000eb0ae0a8,0x00000000eb100000)
  to   space 18944K, 0% used [0x00000000ecf00000,0x00000000ecf00000,0x00000000ee180000)
 ParOldGen       total 94208K, used 35714K [0x00000000a0000000, 0x00000000a5c00000, 0x00000000e0000000)
  object space 94208K, 37% used [0x00000000a0000000,0x00000000a22e0b68,0x00000000a5c00000)
 Metaspace       used 63427K, capacity 65610K, committed 65880K, reserved 1105920K
  class space    used 8524K, capacity 8973K, committed 9048K, reserved 1048576K
Event: 34.078 GC heap after
Heap after GC invocations=17 (full 3):
 PSYoungGen      total 207360K, used 18928K [0x00000000e0000000, 0x00000000eeb00000, 0x0000000100000000)
  eden space 188416K, 0% used [0x00000000e0000000,0x00000000e0000000,0x00000000eb800000)
  from space 18944K, 99% used [0x00000000ecf00000,0x00000000ee17c060,0x00000000ee180000)
  to   space 23552K, 0% used [0x00000000eb800000,0x00000000eb800000,0x00000000ecf00000)
 ParOldGen       total 94208K, used 41120K [0x00000000a0000000, 0x00000000a5c00000, 0x00000000e0000000)
  object space 94208K, 43% used [0x00000000a0000000,0x00000000a2828278,0x00000000a5c00000)
 Metaspace       used 63427K, capacity 65610K, committed 65880K, reserved 1105920K
  class space    used 8524K, capacity 8973K, committed 9048K, reserved 1048576K
}
Event: 37.830 GC heap before
{Heap before GC invocations=18 (full 3):
 PSYoungGen      total 207360K, used 207344K [0x00000000e0000000, 0x00000000eeb00000, 0x0000000100000000)
  eden space 188416K, 100% used [0x00000000e0000000,0x00000000eb800000,0x00000000eb800000)
  from space 18944K, 99% used [0x00000000ecf00000,0x00000000ee17c060,0x00000000ee180000)
  to   space 23552K, 0% used [0x00000000eb800000,0x00000000eb800000,0x00000000ecf00000)
 ParOldGen       total 94208K, used 41122K [0x00000000a0000000, 0x00000000a5c00000, 0x00000000e0000000)
  object space 94208K, 43% used [0x00000000a0000000,0x00000000a2828ac0,0x00000000a5c00000)
 Metaspace       used 64398K, capacity 66674K, committed 66776K, reserved 1107968K
  class space    used 8633K, capacity 9101K, committed 9176K, reserved 1048576K
Event: 37.924 GC heap after
Heap after GC invocations=18 (full 3):
 PSYoungGen      total 211968K, used 23541K [0x00000000e0000000, 0x00000000f1f80000, 0x0000000100000000)
  eden space 188416K, 0% used [0x00000000e0000000,0x00000000e0000000,0x00000000eb800000)
  from space 23552K, 99% used [0x00000000eb800000,0x00000000ecefd728,0x00000000ecf00000)
  to   space 34816K, 0% used [0x00000000efd80000,0x00000000efd80000,0x00000000f1f80000)
 ParOldGen       total 94208K, used 61955K [0x00000000a0000000, 0x00000000a5c00000, 0x00000000e0000000)
  object space 94208K, 65% used [0x00000000a0000000,0x00000000a3c80d70,0x00000000a5c00000)
 Metaspace       used 64398K, capacity 66674K, committed 66776K, reserved 1107968K
  class space    used 8633K, capacity 9101K, committed 9176K, reserved 1048576K
}
Event: 42.087 GC heap before
{Heap before GC invocations=19 (full 3):
 PSYoungGen      total 211968K, used 211957K [0x00000000e0000000, 0x00000000f1f80000, 0x0000000100000000)
  eden space 188416K, 100% used [0x00000000e0000000,0x00000000eb800000,0x00000000eb800000)
  from space 23552K, 99% used [0x00000000eb800000,0x00000000ecefd728,0x00000000ecf00000)
  to   space 34816K, 0% used [0x00000000efd80000,0x00000000efd80000,0x00000000f1f80000)
 ParOldGen       total 94208K, used 61957K [0x00000000a0000000, 0x00000000a5c00000, 0x00000000e0000000)
  object space 94208K, 65% used [0x00000000a0000000,0x00000000a3c81620,0x00000000a5c00000)
 Metaspace       used 64752K, capacity 67018K, committed 67288K, reserved 1107968K
  class space    used 8677K, capacity 9147K, committed 9176K, reserved 1048576K
Event: 42.141 GC heap after
Heap after GC invocations=19 (full 3):
 PSYoungGen      total 255488K, used 18093K [0x00000000e0000000, 0x00000000f1d80000, 0x0000000100000000)
  eden space 222720K, 0% used [0x00000000e0000000,0x00000000e0000000,0x00000000ed980000)
  from space 32768K, 55% used [0x00000000efd80000,0x00000000f0f2b5d0,0x00000000f1d80000)
  to   space 34816K, 0% used [0x00000000ed980000,0x00000000ed980000,0x00000000efb80000)
 ParOldGen       total 94208K, used 78599K [0x00000000a0000000, 0x00000000a5c00000, 0x00000000e0000000)
  object space 94208K, 83% used [0x00000000a0000000,0x00000000a4cc1c28,0x00000000a5c00000)
 Metaspace       used 64752K, capacity 67018K, committed 67288K, reserved 1107968K
  class space    used 8677K, capacity 9147K, committed 9176K, reserved 1048576K
}
Event: 42.141 GC heap before
{Heap before GC invocations=20 (full 4):
 PSYoungGen      total 255488K, used 18093K [0x00000000e0000000, 0x00000000f1d80000, 0x0000000100000000)
  eden space 222720K, 0% used [0x00000000e0000000,0x00000000e0000000,0x00000000ed980000)
  from space 32768K, 55% used [0x00000000efd80000,0x00000000f0f2b5d0,0x00000000f1d80000)
  to   space 34816K, 0% used [0x00000000ed980000,0x00000000ed980000,0x00000000efb80000)
 ParOldGen       total 94208K, used 78599K [0x00000000a0000000, 0x00000000a5c00000, 0x00000000e0000000)
  object space 94208K, 83% used [0x00000000a0000000,0x00000000a4cc1c28,0x00000000a5c00000)
 Metaspace       used 64752K, capacity 67018K, committed 67288K, reserved 1107968K
  class space    used 8677K, capacity 9147K, committed 9176K, reserved 1048576K
Event: 42.633 GC heap after
Heap after GC invocations=20 (full 4):
 PSYoungGen      total 255488K, used 0K [0x00000000e0000000, 0x00000000f1d80000, 0x0000000100000000)
  eden space 222720K, 0% used [0x00000000e0000000,0x00000000e0000000,0x00000000ed980000)
  from space 32768K, 0% used [0x00000000efd80000,0x00000000efd80000,0x00000000f1d80000)
  to   space 34816K, 0% used [0x00000000ed980000,0x00000000ed980000,0x00000000efb80000)
 ParOldGen       total 165888K, used 76056K [0x00000000a0000000, 0x00000000aa200000, 0x00000000e0000000)
  object space 165888K, 45% used [0x00000000a0000000,0x00000000a4a46108,0x00000000aa200000)
 Metaspace       used 64689K, capacity 66848K, committed 67288K, reserved 1107968K
  class space    used 8657K, capacity 9112K, committed 9176K, reserved 1048576K
}
Event: 49.827 GC heap before
{Heap before GC invocations=21 (full 4):
 PSYoungGen      total 255488K, used 222720K [0x00000000e0000000, 0x00000000f1d80000, 0x0000000100000000)
  eden space 222720K, 100% used [0x00000000e0000000,0x00000000ed980000,0x00000000ed980000)
  from space 32768K, 0% used [0x00000000efd80000,0x00000000efd80000,0x00000000f1d80000)
  to   space 34816K, 0% used [0x00000000ed980000,0x00000000ed980000,0x00000000efb80000)
 ParOldGen       total 165888K, used 76056K [0x00000000a0000000, 0x00000000aa200000, 0x00000000e0000000)
  object space 165888K, 45% used [0x00000000a0000000,0x00000000a4a46108,0x00000000aa200000)
 Metaspace       used 73996K, capacity 76874K, committed 77016K, reserved 1116160K
  class space    used 9800K, capacity 10363K, committed 10456K, reserved 1048576K
Event: 49.910 GC heap after
Heap after GC invocations=21 (full 4):
 PSYoungGen      total 257536K, used 17262K [0x00000000e0000000, 0x00000000f3600000, 0x0000000100000000)
  eden space 222720K, 0% used [0x00000000e0000000,0x00000000e0000000,0x00000000ed980000)
  from space 34816K, 49% used [0x00000000ed980000,0x00000000eea5ba68,0x00000000efb80000)
  to   space 33792K, 0% used [0x00000000f1500000,0x00000000f1500000,0x00000000f3600000)
 ParOldGen       total 165888K, used 76064K [0x00000000a0000000, 0x00000000aa200000, 0x00000000e0000000)
  object space 165888K, 45% used [0x00000000a0000000,0x00000000a4a48108,0x00000000aa200000)
 Metaspace       used 73996K, capacity 76874K, committed 77016K, reserved 1116160K
  class space    used 9800K, capacity 10363K, committed 10456K, reserved 1048576K
}

