# JRE version: OpenJDK Runtime Environment (8.0_152-b01) (build 1.8.0_152-release-1343-b01)
# Java VM: OpenJDK 64-Bit Server VM (25.152-b01 mixed mode windows-amd64 compressed oops)
Heap:
 PSYoungGen      total 279040K, used 147192K [0x00000000e0000000, 0x00000000f4400000, 0x0000000100000000)
  eden space 240128K, 48% used [0x00000000e0000000,0x00000000e727d9f0,0x00000000eea80000)
  from space 38912K, 76% used [0x00000000f1380000,0x00000000f30c0868,0x00000000f3980000)
  to   space 41984K, 0% used [0x00000000eea80000,0x00000000eea80000,0x00000000f1380000)
 ParOldGen       total 88064K, used 70928K [0x00000000a0000000, 0x00000000a5600000, 0x00000000e0000000)
  object space 88064K, 80% used [0x00000000a0000000,0x00000000a4544018,0x00000000a5600000)
 Metaspace       used 82813K, capacity 86194K, committed 86360K, reserved 1124352K
  class space    used 10823K, capacity 11505K, committed 11608K, reserved 1048576K
GC Heap History (10 events):
Event: 42.151 GC heap before
{Heap before GC invocations=19 (full 3):
 PSYoungGen      total 210432K, used 210408K [0x00000000e0000000, 0x00000000efc00000, 0x0000000100000000)
  eden space 192512K, 100% used [0x00000000e0000000,0x00000000ebc00000,0x00000000ebc00000)
  from space 17920K, 99% used [0x00000000ebc00000,0x00000000ecd7a090,0x00000000ecd80000)
  to   space 24064K, 0% used [0x00000000ee480000,0x00000000ee480000,0x00000000efc00000)
 ParOldGen       total 88064K, used 38634K [0x00000000a0000000, 0x00000000a5600000, 0x00000000e0000000)
  object space 88064K, 43% used [0x00000000a0000000,0x00000000a25ba850,0x00000000a5600000)
 Metaspace       used 70137K, capacity 72416K, committed 72664K, reserved 1112064K
  class space    used 9348K, capacity 9824K, committed 9944K, reserved 1048576K
Event: 42.247 GC heap after
Heap after GC invocations=19 (full 3):
 PSYoungGen      total 227840K, used 24032K [0x00000000e0000000, 0x00000000f1600000, 0x0000000100000000)
  eden space 203776K, 0% used [0x00000000e0000000,0x00000000e0000000,0x00000000ec700000)
  from space 24064K, 99% used [0x00000000ee480000,0x00000000efbf81a8,0x00000000efc00000)
  to   space 30208K, 0% used [0x00000000ec700000,0x00000000ec700000,0x00000000ee480000)
 ParOldGen       total 88064K, used 45296K [0x00000000a0000000, 0x00000000a5600000, 0x00000000e0000000)
  object space 88064K, 51% used [0x00000000a0000000,0x00000000a2c3c3d8,0x00000000a5600000)
 Metaspace       used 70137K, capacity 72416K, committed 72664K, reserved 1112064K
  class space    used 9348K, capacity 9824K, committed 9944K, reserved 1048576K
}
Event: 49.081 GC heap before
{Heap before GC invocations=20 (full 3):
 PSYoungGen      total 227840K, used 227808K [0x00000000e0000000, 0x00000000f1600000, 0x0000000100000000)
  eden space 203776K, 100% used [0x00000000e0000000,0x00000000ec700000,0x00000000ec700000)
  from space 24064K, 99% used [0x00000000ee480000,0x00000000efbf81a8,0x00000000efc00000)
  to   space 30208K, 0% used [0x00000000ec700000,0x00000000ec700000,0x00000000ee480000)
 ParOldGen       total 88064K, used 45296K [0x00000000a0000000, 0x00000000a5600000, 0x00000000e0000000)
  object space 88064K, 51% used [0x00000000a0000000,0x00000000a2c3c3d8,0x00000000a5600000)
 Metaspace       used 71619K, capacity 73998K, committed 74328K, reserved 1114112K
  class space    used 9461K, capacity 9975K, committed 10072K, reserved 1048576K
Event: 49.144 GC heap after
Heap after GC invocations=20 (full 3):
 PSYoungGen      total 233984K, used 13190K [0x00000000e0000000, 0x00000000f1400000, 0x0000000100000000)
  eden space 203776K, 0% used [0x00000000e0000000,0x00000000e0000000,0x00000000ec700000)
  from space 30208K, 43% used [0x00000000ec700000,0x00000000ed3e1960,0x00000000ee480000)
  to   space 28672K, 0% used [0x00000000ef800000,0x00000000ef800000,0x00000000f1400000)
 ParOldGen       total 88064K, used 62299K [0x00000000a0000000, 0x00000000a5600000, 0x00000000e0000000)
  object space 88064K, 70% used [0x00000000a0000000,0x00000000a3cd6e30,0x00000000a5600000)
 Metaspace       used 71619K, capacity 73998K, committed 74328K, reserved 1114112K
  class space    used 9461K, capacity 9975K, committed 10072K, reserved 1048576K
}
Event: 52.671 GC heap before
{Heap before GC invocations=21 (full 3):
 PSYoungGen      total 233984K, used 216966K [0x00000000e0000000, 0x00000000f1400000, 0x0000000100000000)
  eden space 203776K, 100% used [0x00000000e0000000,0x00000000ec700000,0x00000000ec700000)
  from space 30208K, 43% used [0x00000000ec700000,0x00000000ed3e1960,0x00000000ee480000)
  to   space 28672K, 0% used [0x00000000ef800000,0x00000000ef800000,0x00000000f1400000)
 ParOldGen       total 88064K, used 62338K [0x00000000a0000000, 0x00000000a5600000, 0x00000000e0000000)
  object space 88064K, 70% used [0x00000000a0000000,0x00000000a3ce0978,0x00000000a5600000)
 Metaspace       used 72051K, capacity 74496K, committed 74584K, reserved 1114112K
  class space    used 9518K, capacity 10026K, committed 10072K, reserved 1048576K
Event: 52.731 GC heap after
Heap after GC invocations=21 (full 3):
 PSYoungGen      total 249856K, used 28085K [0x00000000e0000000, 0x00000000f1d00000, 0x0000000100000000)
  eden space 221184K, 0% used [0x00000000e0000000,0x00000000e0000000,0x00000000ed800000)
  from space 28672K, 97% used [0x00000000ef800000,0x00000000f136d618,0x00000000f1400000)
  to   space 32768K, 0% used [0x00000000ed800000,0x00000000ed800000,0x00000000ef800000)
 ParOldGen       total 88064K, used 62346K [0x00000000a0000000, 0x00000000a5600000, 0x00000000e0000000)
  object space 88064K, 70% used [0x00000000a0000000,0x00000000a3ce2978,0x00000000a5600000)
 Metaspace       used 72051K, capacity 74496K, committed 74584K, reserved 1114112K
  class space    used 9518K, capacity 10026K, committed 10072K, reserved 1048576K
}
Event: 58.877 GC heap before
{Heap before GC invocations=22 (full 3):
 PSYoungGen      total 249856K, used 249269K [0x00000000e0000000, 0x00000000f1d00000, 0x0000000100000000)
  eden space 221184K, 100% used [0x00000000e0000000,0x00000000ed800000,0x00000000ed800000)
  from space 28672K, 97% used [0x00000000ef800000,0x00000000f136d618,0x00000000f1400000)
  to   space 32768K, 0% used [0x00000000ed800000,0x00000000ed800000,0x00000000ef800000)
 ParOldGen       total 88064K, used 62351K [0x00000000a0000000, 0x00000000a5600000, 0x00000000e0000000)
  object space 88064K, 70% used [0x00000000a0000000,0x00000000a3ce3e90,0x00000000a5600000)
 Metaspace       used 72707K, capacity 75222K, committed 75480K, reserved 1114112K
  class space    used 9613K, capacity 10163K, committed 10200K, reserved 1048576K
Event: 58.924 GC heap after
Heap after GC invocations=22 (full 3):
 PSYoungGen      total 253952K, used 32746K [0x00000000e0000000, 0x00000000f3980000, 0x0000000100000000)
  eden space 221184K, 0% used [0x00000000e0000000,0x00000000e0000000,0x00000000ed800000)
  from space 32768K, 99% used [0x00000000ed800000,0x00000000ef7faa20,0x00000000ef800000)
  to   space 38912K, 0% used [0x00000000f1380000,0x00000000f1380000,0x00000000f3980000)
 ParOldGen       total 88064K, used 64214K [0x00000000a0000000, 0x00000000a5600000, 0x00000000e0000000)
  object space 88064K, 72% used [0x00000000a0000000,0x00000000a3eb59d0,0x00000000a5600000)
 Metaspace       used 72707K, capacity 75222K, committed 75480K, reserved 1114112K
  class space    used 9613K, capacity 10163K, committed 10200K, reserved 1048576K
}
Event: 65.339 GC heap before
{Heap before GC invocations=23 (full 3):
 PSYoungGen      total 253952K, used 253930K [0x00000000e0000000, 0x00000000f3980000, 0x0000000100000000)
  eden space 221184K, 100% used [0x00000000e0000000,0x00000000ed800000,0x00000000ed800000)
  from space 32768K, 99% used [0x00000000ed800000,0x00000000ef7faa20,0x00000000ef800000)
  to   space 38912K, 0% used [0x00000000f1380000,0x00000000f1380000,0x00000000f3980000)
 ParOldGen       total 88064K, used 64214K [0x00000000a0000000, 0x00000000a5600000, 0x00000000e0000000)
  object space 88064K, 72% used [0x00000000a0000000,0x00000000a3eb59d0,0x00000000a5600000)
 Metaspace       used 82008K, capacity 85124K, committed 85208K, reserved 1122304K
  class space    used 10738K, capacity 11404K, committed 11480K, reserved 1048576K
Event: 65.512 GC heap after
Heap after GC invocations=23 (full 3):
 PSYoungGen      total 279040K, used 29954K [0x00000000e0000000, 0x00000000f4400000, 0x0000000100000000)
  eden space 240128K, 0% used [0x00000000e0000000,0x00000000e0000000,0x00000000eea80000)
  from space 38912K, 76% used [0x00000000f1380000,0x00000000f30c0868,0x00000000f3980000)
  to   space 41984K, 0% used [0x00000000eea80000,0x00000000eea80000,0x00000000f1380000)
 ParOldGen       total 88064K, used 70928K [0x00000000a0000000, 0x00000000a5600000, 0x00000000e0000000)
  object space 88064K, 80% used [0x00000000a0000000,0x00000000a4544018,0x00000000a5600000)
 Metaspace       used 82008K, capacity 85124K, committed 85208K, reserved 1122304K
  class space    used 10738K, capacity 11404K, committed 11480K, reserved 1048576K
}

