# JRE version: OpenJDK Runtime Environment (8.0_152-b01) (build 1.8.0_152-release-1343-b01)
# Java VM: OpenJDK 64-Bit Server VM (25.152-b01 mixed mode windows-amd64 compressed oops)
Heap:
 PSYoungGen      total 253440K, used 29357K [0x00000000e0000000, 0x00000000f2380000, 0x0000000100000000)
  eden space 208384K, 6% used [0x00000000e0000000,0x00000000e0e1b8b8,0x00000000ecb80000)
  from space 45056K, 33% used [0x00000000ecb80000,0x00000000eda0fb68,0x00000000ef780000)
  to   space 43008K, 0% used [0x00000000ef980000,0x00000000ef980000,0x00000000f2380000)
 ParOldGen       total 174592K, used 139028K [0x00000000a0000000, 0x00000000aaa80000, 0x00000000e0000000)
  object space 174592K, 79% used [0x00000000a0000000,0x00000000a87c5378,0x00000000aaa80000)
 Metaspace       used 92230K, capacity 96207K, committed 96296K, reserved 1132544K
  class space    used 11789K, capacity 12560K, committed 12584K, reserved 1048576K
GC Heap History (10 events):
Event: 174.497 GC heap before
{Heap before GC invocations=33 (full 4):
 PSYoungGen      total 215552K, used 215529K [0x00000000e0000000, 0x00000000f0880000, 0x0000000100000000)
  eden space 181248K, 100% used [0x00000000e0000000,0x00000000eb100000,0x00000000eb100000)
  from space 34304K, 99% used [0x00000000ed980000,0x00000000efafa6a0,0x00000000efb00000)
  to   space 41472K, 0% used [0x00000000eb100000,0x00000000eb100000,0x00000000ed980000)
 ParOldGen       total 174592K, used 94718K [0x00000000a0000000, 0x00000000aaa80000, 0x00000000e0000000)
  object space 174592K, 54% used [0x00000000a0000000,0x00000000a5c7fb28,0x00000000aaa80000)
 Metaspace       used 89996K, capacity 93757K, committed 94120K, reserved 1130496K
  class space    used 11631K, capacity 12343K, committed 12456K, reserved 1048576K
Event: 174.823 GC heap after
Heap after GC invocations=33 (full 4):
 PSYoungGen      total 222720K, used 37542K [0x00000000e0000000, 0x00000000f0880000, 0x0000000100000000)
  eden space 181248K, 0% used [0x00000000e0000000,0x00000000e0000000,0x00000000eb100000)
  from space 41472K, 90% used [0x00000000eb100000,0x00000000ed5a9a88,0x00000000ed980000)
  to   space 34304K, 0% used [0x00000000ed980000,0x00000000ed980000,0x00000000efb00000)
 ParOldGen       total 174592K, used 103699K [0x00000000a0000000, 0x00000000aaa80000, 0x00000000e0000000)
  object space 174592K, 59% used [0x00000000a0000000,0x00000000a6544f50,0x00000000aaa80000)
 Metaspace       used 89996K, capacity 93757K, committed 94120K, reserved 1130496K
  class space    used 11631K, capacity 12343K, committed 12456K, reserved 1048576K
}
Event: 179.626 GC heap before
{Heap before GC invocations=34 (full 4):
 PSYoungGen      total 222720K, used 218790K [0x00000000e0000000, 0x00000000f0880000, 0x0000000100000000)
  eden space 181248K, 100% used [0x00000000e0000000,0x00000000eb100000,0x00000000eb100000)
  from space 41472K, 90% used [0x00000000eb100000,0x00000000ed5a9a88,0x00000000ed980000)
  to   space 34304K, 0% used [0x00000000ed980000,0x00000000ed980000,0x00000000efb00000)
 ParOldGen       total 174592K, used 103699K [0x00000000a0000000, 0x00000000aaa80000, 0x00000000e0000000)
  object space 174592K, 59% used [0x00000000a0000000,0x00000000a6544f50,0x00000000aaa80000)
 Metaspace       used 90351K, capacity 94175K, committed 94376K, reserved 1130496K
  class space    used 11651K, capacity 12416K, committed 12456K, reserved 1048576K
Event: 179.795 GC heap after
Heap after GC invocations=34 (full 4):
 PSYoungGen      total 215552K, used 34272K [0x00000000e0000000, 0x00000000f0880000, 0x0000000100000000)
  eden space 181248K, 0% used [0x00000000e0000000,0x00000000e0000000,0x00000000eb100000)
  from space 34304K, 99% used [0x00000000ed980000,0x00000000efaf8230,0x00000000efb00000)
  to   space 41472K, 0% used [0x00000000eb100000,0x00000000eb100000,0x00000000ed980000)
 ParOldGen       total 174592K, used 106996K [0x00000000a0000000, 0x00000000aaa80000, 0x00000000e0000000)
  object space 174592K, 61% used [0x00000000a0000000,0x00000000a687d0e0,0x00000000aaa80000)
 Metaspace       used 90351K, capacity 94175K, committed 94376K, reserved 1130496K
  class space    used 11651K, capacity 12416K, committed 12456K, reserved 1048576K
}
Event: 182.845 GC heap before
{Heap before GC invocations=35 (full 4):
 PSYoungGen      total 215552K, used 215520K [0x00000000e0000000, 0x00000000f0880000, 0x0000000100000000)
  eden space 181248K, 100% used [0x00000000e0000000,0x00000000eb100000,0x00000000eb100000)
  from space 34304K, 99% used [0x00000000ed980000,0x00000000efaf8230,0x00000000efb00000)
  to   space 41472K, 0% used [0x00000000eb100000,0x00000000eb100000,0x00000000ed980000)
 ParOldGen       total 174592K, used 106996K [0x00000000a0000000, 0x00000000aaa80000, 0x00000000e0000000)
  object space 174592K, 61% used [0x00000000a0000000,0x00000000a687d0e0,0x00000000aaa80000)
 Metaspace       used 90510K, capacity 94393K, committed 94632K, reserved 1132544K
  class space    used 11659K, capacity 12419K, committed 12456K, reserved 1048576K
Event: 182.999 GC heap after
Heap after GC invocations=35 (full 4):
 PSYoungGen      total 222720K, used 22341K [0x00000000e0000000, 0x00000000f2780000, 0x0000000100000000)
  eden space 181248K, 0% used [0x00000000e0000000,0x00000000e0000000,0x00000000eb100000)
  from space 41472K, 53% used [0x00000000eb100000,0x00000000ec6d1690,0x00000000ed980000)
  to   space 47104K, 0% used [0x00000000ef980000,0x00000000ef980000,0x00000000f2780000)
 ParOldGen       total 174592K, used 129120K [0x00000000a0000000, 0x00000000aaa80000, 0x00000000e0000000)
  object space 174592K, 73% used [0x00000000a0000000,0x00000000a7e18300,0x00000000aaa80000)
 Metaspace       used 90510K, capacity 94393K, committed 94632K, reserved 1132544K
  class space    used 11659K, capacity 12419K, committed 12456K, reserved 1048576K
}
Event: 186.939 GC heap before
{Heap before GC invocations=36 (full 4):
 PSYoungGen      total 222720K, used 203589K [0x00000000e0000000, 0x00000000f2780000, 0x0000000100000000)
  eden space 181248K, 100% used [0x00000000e0000000,0x00000000eb100000,0x00000000eb100000)
  from space 41472K, 53% used [0x00000000eb100000,0x00000000ec6d1690,0x00000000ed980000)
  to   space 47104K, 0% used [0x00000000ef980000,0x00000000ef980000,0x00000000f2780000)
 ParOldGen       total 174592K, used 129120K [0x00000000a0000000, 0x00000000aaa80000, 0x00000000e0000000)
  object space 174592K, 73% used [0x00000000a0000000,0x00000000a7e18300,0x00000000aaa80000)
 Metaspace       used 91522K, capacity 95437K, committed 95784K, reserved 1132544K
  class space    used 11713K, capacity 12465K, committed 12584K, reserved 1048576K
Event: 187.076 GC heap after
Heap after GC invocations=36 (full 4):
 PSYoungGen      total 251392K, used 20179K [0x00000000e0000000, 0x00000000f2380000, 0x0000000100000000)
  eden space 208384K, 0% used [0x00000000e0000000,0x00000000e0000000,0x00000000ecb80000)
  from space 43008K, 46% used [0x00000000ef980000,0x00000000f0d34f30,0x00000000f2380000)
  to   space 45056K, 0% used [0x00000000ecb80000,0x00000000ecb80000,0x00000000ef780000)
 ParOldGen       total 174592K, used 138924K [0x00000000a0000000, 0x00000000aaa80000, 0x00000000e0000000)
  object space 174592K, 79% used [0x00000000a0000000,0x00000000a87ab378,0x00000000aaa80000)
 Metaspace       used 91522K, capacity 95437K, committed 95784K, reserved 1132544K
  class space    used 11713K, capacity 12465K, committed 12584K, reserved 1048576K
}
Event: 193.061 GC heap before
{Heap before GC invocations=37 (full 4):
 PSYoungGen      total 251392K, used 228563K [0x00000000e0000000, 0x00000000f2380000, 0x0000000100000000)
  eden space 208384K, 100% used [0x00000000e0000000,0x00000000ecb80000,0x00000000ecb80000)
  from space 43008K, 46% used [0x00000000ef980000,0x00000000f0d34f30,0x00000000f2380000)
  to   space 45056K, 0% used [0x00000000ecb80000,0x00000000ecb80000,0x00000000ef780000)
 ParOldGen       total 174592K, used 138924K [0x00000000a0000000, 0x00000000aaa80000, 0x00000000e0000000)
  object space 174592K, 79% used [0x00000000a0000000,0x00000000a87ab378,0x00000000aaa80000)
 Metaspace       used 92226K, capacity 96207K, committed 96296K, reserved 1132544K
  class space    used 11789K, capacity 12560K, committed 12584K, reserved 1048576K
Event: 193.131 GC heap after
Heap after GC invocations=37 (full 4):
 PSYoungGen      total 253440K, used 14910K [0x00000000e0000000, 0x00000000f2380000, 0x0000000100000000)
  eden space 208384K, 0% used [0x00000000e0000000,0x00000000e0000000,0x00000000ecb80000)
  from space 45056K, 33% used [0x00000000ecb80000,0x00000000eda0fb68,0x00000000ef780000)
  to   space 43008K, 0% used [0x00000000ef980000,0x00000000ef980000,0x00000000f2380000)
 ParOldGen       total 174592K, used 139028K [0x00000000a0000000, 0x00000000aaa80000, 0x00000000e0000000)
  object space 174592K, 79% used [0x00000000a0000000,0x00000000a87c5378,0x00000000aaa80000)
 Metaspace       used 92226K, capacity 96207K, committed 96296K, reserved 1132544K
  class space    used 11789K, capacity 12560K, committed 12584K, reserved 1048576K
}

